The system is: Linux - 5.8.15-301.fc33.aarch64 - aarch64
Compiling the CXX compiler identification source file "CMakeCXXCompilerId.cpp" succeeded.
Compiler: /usr/bin/c++ 
Build flags: 
Id flags:  

The output was:
0


Compilation of the CXX compiler identification source "CMakeCXXCompilerId.cpp" produced "a.out"

The CXX compiler identification is GNU, found in "/home/julius/HPC/Small_GEMMs/build/CMakeFiles/3.18.4/CompilerIdCXX/a.out"

Detecting CXX compiler ABI info compiled with the following output:
Change Dir: /home/julius/HPC/Small_GEMMs/build/CMakeFiles/CMakeTmp

Run Build Command(s):/usr/bin/gmake cmTC_67257/fast && /usr/bin/gmake  -f CMakeFiles/cmTC_67257.dir/build.make CMakeFiles/cmTC_67257.dir/build
gmake[1]: Entering directory '/home/julius/HPC/Small_GEMMs/build/CMakeFiles/CMakeTmp'
Building CXX object CMakeFiles/cmTC_67257.dir/CMakeCXXCompilerABI.cpp.o
/usr/bin/c++   -v -o CMakeFiles/cmTC_67257.dir/CMakeCXXCompilerABI.cpp.o -c /usr/share/cmake/Modules/CMakeCXXCompilerABI.cpp
Using built-in specs.
COLLECT_GCC=/usr/bin/c++
Target: aarch64-redhat-linux
Configured with: ../configure --enable-bootstrap --enable-languages=c,c++,fortran,objc,obj-c++,ada,go,lto --prefix=/usr --mandir=/usr/share/man --infodir=/usr/share/info --with-bugurl=http://bugzilla.redhat.com/bugzilla --enable-shared --enable-threads=posix --enable-checking=release --enable-multilib --with-system-zlib --enable-__cxa_atexit --disable-libunwind-exceptions --enable-gnu-unique-object --enable-linker-build-id --with-gcc-major-version-only --with-linker-hash-style=gnu --enable-plugin --enable-initfini-array --with-isl --enable-gnu-indirect-function --build=aarch64-redhat-linux
Thread model: posix
Supported LTO compression algorithms: zlib zstd
gcc version 10.2.1 20201125 (Red Hat 10.2.1-9) (GCC) 
COLLECT_GCC_OPTIONS='-v' '-o' 'CMakeFiles/cmTC_67257.dir/CMakeCXXCompilerABI.cpp.o' '-c' '-shared-libgcc' '-mlittle-endian' '-mabi=lp64'
 /usr/libexec/gcc/aarch64-redhat-linux/10/cc1plus -quiet -v -D_GNU_SOURCE /usr/share/cmake/Modules/CMakeCXXCompilerABI.cpp -quiet -dumpbase CMakeCXXCompilerABI.cpp -mlittle-endian -mabi=lp64 -auxbase-strip CMakeFiles/cmTC_67257.dir/CMakeCXXCompilerABI.cpp.o -version -o /tmp/ccrvb65k.s
GNU C++14 (GCC) version 10.2.1 20201125 (Red Hat 10.2.1-9) (aarch64-redhat-linux)
	compiled by GNU C version 10.2.1 20201125 (Red Hat 10.2.1-9), GMP version 6.2.0, MPFR version 4.1.0, MPC version 1.1.0, isl version isl-0.16.1-GMP

GGC heuristics: --param ggc-min-expand=100 --param ggc-min-heapsize=131072
ignoring nonexistent directory "/usr/lib/gcc/aarch64-redhat-linux/10/include-fixed"
ignoring nonexistent directory "/usr/lib/gcc/aarch64-redhat-linux/10/../../../../aarch64-redhat-linux/include"
#include "..." search starts here:
#include <...> search starts here:
 /usr/lib/gcc/aarch64-redhat-linux/10/../../../../include/c++/10
 /usr/lib/gcc/aarch64-redhat-linux/10/../../../../include/c++/10/aarch64-redhat-linux
 /usr/lib/gcc/aarch64-redhat-linux/10/../../../../include/c++/10/backward
 /usr/lib/gcc/aarch64-redhat-linux/10/include
 /usr/local/include
 /usr/include
End of search list.
GNU C++14 (GCC) version 10.2.1 20201125 (Red Hat 10.2.1-9) (aarch64-redhat-linux)
	compiled by GNU C version 10.2.1 20201125 (Red Hat 10.2.1-9), GMP version 6.2.0, MPFR version 4.1.0, MPC version 1.1.0, isl version isl-0.16.1-GMP

GGC heuristics: --param ggc-min-expand=100 --param ggc-min-heapsize=131072
Compiler executable checksum: 91881fd40ae987eef364d686571f1d32
COLLECT_GCC_OPTIONS='-v' '-o' 'CMakeFiles/cmTC_67257.dir/CMakeCXXCompilerABI.cpp.o' '-c' '-shared-libgcc' '-mlittle-endian' '-mabi=lp64'
 as -v -EL -mabi=lp64 -o CMakeFiles/cmTC_67257.dir/CMakeCXXCompilerABI.cpp.o /tmp/ccrvb65k.s
GNU assembler version 2.35 (aarch64-redhat-linux) using BFD version version 2.35-18.fc33
COMPILER_PATH=/usr/libexec/gcc/aarch64-redhat-linux/10/:/usr/libexec/gcc/aarch64-redhat-linux/10/:/usr/libexec/gcc/aarch64-redhat-linux/:/usr/lib/gcc/aarch64-redhat-linux/10/:/usr/lib/gcc/aarch64-redhat-linux/
LIBRARY_PATH=/usr/lib/gcc/aarch64-redhat-linux/10/:/usr/lib/gcc/aarch64-redhat-linux/10/../../../../lib64/:/lib/../lib64/:/usr/lib/../lib64/:/usr/lib/gcc/aarch64-redhat-linux/10/../../../:/lib/:/usr/lib/
COLLECT_GCC_OPTIONS='-v' '-o' 'CMakeFiles/cmTC_67257.dir/CMakeCXXCompilerABI.cpp.o' '-c' '-shared-libgcc' '-mlittle-endian' '-mabi=lp64'
Linking CXX executable cmTC_67257
/usr/bin/cmake -E cmake_link_script CMakeFiles/cmTC_67257.dir/link.txt --verbose=1
/usr/bin/c++  -v CMakeFiles/cmTC_67257.dir/CMakeCXXCompilerABI.cpp.o -o cmTC_67257 
Using built-in specs.
COLLECT_GCC=/usr/bin/c++
COLLECT_LTO_WRAPPER=/usr/libexec/gcc/aarch64-redhat-linux/10/lto-wrapper
Target: aarch64-redhat-linux
Configured with: ../configure --enable-bootstrap --enable-languages=c,c++,fortran,objc,obj-c++,ada,go,lto --prefix=/usr --mandir=/usr/share/man --infodir=/usr/share/info --with-bugurl=http://bugzilla.redhat.com/bugzilla --enable-shared --enable-threads=posix --enable-checking=release --enable-multilib --with-system-zlib --enable-__cxa_atexit --disable-libunwind-exceptions --enable-gnu-unique-object --enable-linker-build-id --with-gcc-major-version-only --with-linker-hash-style=gnu --enable-plugin --enable-initfini-array --with-isl --enable-gnu-indirect-function --build=aarch64-redhat-linux
Thread model: posix
Supported LTO compression algorithms: zlib zstd
gcc version 10.2.1 20201125 (Red Hat 10.2.1-9) (GCC) 
COMPILER_PATH=/usr/libexec/gcc/aarch64-redhat-linux/10/:/usr/libexec/gcc/aarch64-redhat-linux/10/:/usr/libexec/gcc/aarch64-redhat-linux/:/usr/lib/gcc/aarch64-redhat-linux/10/:/usr/lib/gcc/aarch64-redhat-linux/
LIBRARY_PATH=/usr/lib/gcc/aarch64-redhat-linux/10/:/usr/lib/gcc/aarch64-redhat-linux/10/../../../../lib64/:/lib/../lib64/:/usr/lib/../lib64/:/usr/lib/gcc/aarch64-redhat-linux/10/../../../:/lib/:/usr/lib/
COLLECT_GCC_OPTIONS='-v' '-o' 'cmTC_67257' '-shared-libgcc' '-mlittle-endian' '-mabi=lp64'
 /usr/libexec/gcc/aarch64-redhat-linux/10/collect2 -plugin /usr/libexec/gcc/aarch64-redhat-linux/10/liblto_plugin.so -plugin-opt=/usr/libexec/gcc/aarch64-redhat-linux/10/lto-wrapper -plugin-opt=-fresolution=/tmp/cckDIyAF.res -plugin-opt=-pass-through=-lgcc_s -plugin-opt=-pass-through=-lgcc -plugin-opt=-pass-through=-lc -plugin-opt=-pass-through=-lgcc_s -plugin-opt=-pass-through=-lgcc --build-id --no-add-needed --eh-frame-hdr --hash-style=gnu -dynamic-linker /lib/ld-linux-aarch64.so.1 -X -EL -maarch64linux -o cmTC_67257 /usr/lib/gcc/aarch64-redhat-linux/10/../../../../lib64/crt1.o /usr/lib/gcc/aarch64-redhat-linux/10/../../../../lib64/crti.o /usr/lib/gcc/aarch64-redhat-linux/10/crtbegin.o -L/usr/lib/gcc/aarch64-redhat-linux/10 -L/usr/lib/gcc/aarch64-redhat-linux/10/../../../../lib64 -L/lib/../lib64 -L/usr/lib/../lib64 -L/usr/lib/gcc/aarch64-redhat-linux/10/../../.. CMakeFiles/cmTC_67257.dir/CMakeCXXCompilerABI.cpp.o -lstdc++ -lm -lgcc_s -lgcc -lc -lgcc_s -lgcc /usr/lib/gcc/aarch64-redhat-linux/10/crtend.o /usr/lib/gcc/aarch64-redhat-linux/10/../../../../lib64/crtn.o
COLLECT_GCC_OPTIONS='-v' '-o' 'cmTC_67257' '-shared-libgcc' '-mlittle-endian' '-mabi=lp64'
gmake[1]: Leaving directory '/home/julius/HPC/Small_GEMMs/build/CMakeFiles/CMakeTmp'



Parsed CXX implicit include dir info from above output: rv=done
  found start of include info
  found start of implicit include info
    add: [/usr/lib/gcc/aarch64-redhat-linux/10/../../../../include/c++/10]
    add: [/usr/lib/gcc/aarch64-redhat-linux/10/../../../../include/c++/10/aarch64-redhat-linux]
    add: [/usr/lib/gcc/aarch64-redhat-linux/10/../../../../include/c++/10/backward]
    add: [/usr/lib/gcc/aarch64-redhat-linux/10/include]
    add: [/usr/local/include]
    add: [/usr/include]
  end of search list found
  collapse include dir [/usr/lib/gcc/aarch64-redhat-linux/10/../../../../include/c++/10] ==> [/usr/include/c++/10]
  collapse include dir [/usr/lib/gcc/aarch64-redhat-linux/10/../../../../include/c++/10/aarch64-redhat-linux] ==> [/usr/include/c++/10/aarch64-redhat-linux]
  collapse include dir [/usr/lib/gcc/aarch64-redhat-linux/10/../../../../include/c++/10/backward] ==> [/usr/include/c++/10/backward]
  collapse include dir [/usr/lib/gcc/aarch64-redhat-linux/10/include] ==> [/usr/lib/gcc/aarch64-redhat-linux/10/include]
  collapse include dir [/usr/local/include] ==> [/usr/local/include]
  collapse include dir [/usr/include] ==> [/usr/include]
  implicit include dirs: [/usr/include/c++/10;/usr/include/c++/10/aarch64-redhat-linux;/usr/include/c++/10/backward;/usr/lib/gcc/aarch64-redhat-linux/10/include;/usr/local/include;/usr/include]


Parsed CXX implicit link information from above output:
  link line regex: [^( *|.*[/\])(ld|CMAKE_LINK_STARTFILE-NOTFOUND|([^/\]+-)?ld|collect2)[^/\]*( |$)]
  ignore line: [Change Dir: /home/julius/HPC/Small_GEMMs/build/CMakeFiles/CMakeTmp]
  ignore line: []
  ignore line: [Run Build Command(s):/usr/bin/gmake cmTC_67257/fast && /usr/bin/gmake  -f CMakeFiles/cmTC_67257.dir/build.make CMakeFiles/cmTC_67257.dir/build]
  ignore line: [gmake[1]: Entering directory '/home/julius/HPC/Small_GEMMs/build/CMakeFiles/CMakeTmp']
  ignore line: [Building CXX object CMakeFiles/cmTC_67257.dir/CMakeCXXCompilerABI.cpp.o]
  ignore line: [/usr/bin/c++   -v -o CMakeFiles/cmTC_67257.dir/CMakeCXXCompilerABI.cpp.o -c /usr/share/cmake/Modules/CMakeCXXCompilerABI.cpp]
  ignore line: [Using built-in specs.]
  ignore line: [COLLECT_GCC=/usr/bin/c++]
  ignore line: [Target: aarch64-redhat-linux]
  ignore line: [Configured with: ../configure --enable-bootstrap --enable-languages=c c++ fortran objc obj-c++ ada go lto --prefix=/usr --mandir=/usr/share/man --infodir=/usr/share/info --with-bugurl=http://bugzilla.redhat.com/bugzilla --enable-shared --enable-threads=posix --enable-checking=release --enable-multilib --with-system-zlib --enable-__cxa_atexit --disable-libunwind-exceptions --enable-gnu-unique-object --enable-linker-build-id --with-gcc-major-version-only --with-linker-hash-style=gnu --enable-plugin --enable-initfini-array --with-isl --enable-gnu-indirect-function --build=aarch64-redhat-linux]
  ignore line: [Thread model: posix]
  ignore line: [Supported LTO compression algorithms: zlib zstd]
  ignore line: [gcc version 10.2.1 20201125 (Red Hat 10.2.1-9) (GCC) ]
  ignore line: [COLLECT_GCC_OPTIONS='-v' '-o' 'CMakeFiles/cmTC_67257.dir/CMakeCXXCompilerABI.cpp.o' '-c' '-shared-libgcc' '-mlittle-endian' '-mabi=lp64']
  ignore line: [ /usr/libexec/gcc/aarch64-redhat-linux/10/cc1plus -quiet -v -D_GNU_SOURCE /usr/share/cmake/Modules/CMakeCXXCompilerABI.cpp -quiet -dumpbase CMakeCXXCompilerABI.cpp -mlittle-endian -mabi=lp64 -auxbase-strip CMakeFiles/cmTC_67257.dir/CMakeCXXCompilerABI.cpp.o -version -o /tmp/ccrvb65k.s]
  ignore line: [GNU C++14 (GCC) version 10.2.1 20201125 (Red Hat 10.2.1-9) (aarch64-redhat-linux)]
  ignore line: [	compiled by GNU C version 10.2.1 20201125 (Red Hat 10.2.1-9)  GMP version 6.2.0  MPFR version 4.1.0  MPC version 1.1.0  isl version isl-0.16.1-GMP]
  ignore line: []
  ignore line: [GGC heuristics: --param ggc-min-expand=100 --param ggc-min-heapsize=131072]
  ignore line: [ignoring nonexistent directory "/usr/lib/gcc/aarch64-redhat-linux/10/include-fixed"]
  ignore line: [ignoring nonexistent directory "/usr/lib/gcc/aarch64-redhat-linux/10/../../../../aarch64-redhat-linux/include"]
  ignore line: [#include "..." search starts here:]
  ignore line: [#include <...> search starts here:]
  ignore line: [ /usr/lib/gcc/aarch64-redhat-linux/10/../../../../include/c++/10]
  ignore line: [ /usr/lib/gcc/aarch64-redhat-linux/10/../../../../include/c++/10/aarch64-redhat-linux]
  ignore line: [ /usr/lib/gcc/aarch64-redhat-linux/10/../../../../include/c++/10/backward]
  ignore line: [ /usr/lib/gcc/aarch64-redhat-linux/10/include]
  ignore line: [ /usr/local/include]
  ignore line: [ /usr/include]
  ignore line: [End of search list.]
  ignore line: [GNU C++14 (GCC) version 10.2.1 20201125 (Red Hat 10.2.1-9) (aarch64-redhat-linux)]
  ignore line: [	compiled by GNU C version 10.2.1 20201125 (Red Hat 10.2.1-9)  GMP version 6.2.0  MPFR version 4.1.0  MPC version 1.1.0  isl version isl-0.16.1-GMP]
  ignore line: []
  ignore line: [GGC heuristics: --param ggc-min-expand=100 --param ggc-min-heapsize=131072]
  ignore line: [Compiler executable checksum: 91881fd40ae987eef364d686571f1d32]
  ignore line: [COLLECT_GCC_OPTIONS='-v' '-o' 'CMakeFiles/cmTC_67257.dir/CMakeCXXCompilerABI.cpp.o' '-c' '-shared-libgcc' '-mlittle-endian' '-mabi=lp64']
  ignore line: [ as -v -EL -mabi=lp64 -o CMakeFiles/cmTC_67257.dir/CMakeCXXCompilerABI.cpp.o /tmp/ccrvb65k.s]
  ignore line: [GNU assembler version 2.35 (aarch64-redhat-linux) using BFD version version 2.35-18.fc33]
  ignore line: [COMPILER_PATH=/usr/libexec/gcc/aarch64-redhat-linux/10/:/usr/libexec/gcc/aarch64-redhat-linux/10/:/usr/libexec/gcc/aarch64-redhat-linux/:/usr/lib/gcc/aarch64-redhat-linux/10/:/usr/lib/gcc/aarch64-redhat-linux/]
  ignore line: [LIBRARY_PATH=/usr/lib/gcc/aarch64-redhat-linux/10/:/usr/lib/gcc/aarch64-redhat-linux/10/../../../../lib64/:/lib/../lib64/:/usr/lib/../lib64/:/usr/lib/gcc/aarch64-redhat-linux/10/../../../:/lib/:/usr/lib/]
  ignore line: [COLLECT_GCC_OPTIONS='-v' '-o' 'CMakeFiles/cmTC_67257.dir/CMakeCXXCompilerABI.cpp.o' '-c' '-shared-libgcc' '-mlittle-endian' '-mabi=lp64']
  ignore line: [Linking CXX executable cmTC_67257]
  ignore line: [/usr/bin/cmake -E cmake_link_script CMakeFiles/cmTC_67257.dir/link.txt --verbose=1]
  ignore line: [/usr/bin/c++  -v CMakeFiles/cmTC_67257.dir/CMakeCXXCompilerABI.cpp.o -o cmTC_67257 ]
  ignore line: [Using built-in specs.]
  ignore line: [COLLECT_GCC=/usr/bin/c++]
  ignore line: [COLLECT_LTO_WRAPPER=/usr/libexec/gcc/aarch64-redhat-linux/10/lto-wrapper]
  ignore line: [Target: aarch64-redhat-linux]
  ignore line: [Configured with: ../configure --enable-bootstrap --enable-languages=c c++ fortran objc obj-c++ ada go lto --prefix=/usr --mandir=/usr/share/man --infodir=/usr/share/info --with-bugurl=http://bugzilla.redhat.com/bugzilla --enable-shared --enable-threads=posix --enable-checking=release --enable-multilib --with-system-zlib --enable-__cxa_atexit --disable-libunwind-exceptions --enable-gnu-unique-object --enable-linker-build-id --with-gcc-major-version-only --with-linker-hash-style=gnu --enable-plugin --enable-initfini-array --with-isl --enable-gnu-indirect-function --build=aarch64-redhat-linux]
  ignore line: [Thread model: posix]
  ignore line: [Supported LTO compression algorithms: zlib zstd]
  ignore line: [gcc version 10.2.1 20201125 (Red Hat 10.2.1-9) (GCC) ]
  ignore line: [COMPILER_PATH=/usr/libexec/gcc/aarch64-redhat-linux/10/:/usr/libexec/gcc/aarch64-redhat-linux/10/:/usr/libexec/gcc/aarch64-redhat-linux/:/usr/lib/gcc/aarch64-redhat-linux/10/:/usr/lib/gcc/aarch64-redhat-linux/]
  ignore line: [LIBRARY_PATH=/usr/lib/gcc/aarch64-redhat-linux/10/:/usr/lib/gcc/aarch64-redhat-linux/10/../../../../lib64/:/lib/../lib64/:/usr/lib/../lib64/:/usr/lib/gcc/aarch64-redhat-linux/10/../../../:/lib/:/usr/lib/]
  ignore line: [COLLECT_GCC_OPTIONS='-v' '-o' 'cmTC_67257' '-shared-libgcc' '-mlittle-endian' '-mabi=lp64']
  link line: [ /usr/libexec/gcc/aarch64-redhat-linux/10/collect2 -plugin /usr/libexec/gcc/aarch64-redhat-linux/10/liblto_plugin.so -plugin-opt=/usr/libexec/gcc/aarch64-redhat-linux/10/lto-wrapper -plugin-opt=-fresolution=/tmp/cckDIyAF.res -plugin-opt=-pass-through=-lgcc_s -plugin-opt=-pass-through=-lgcc -plugin-opt=-pass-through=-lc -plugin-opt=-pass-through=-lgcc_s -plugin-opt=-pass-through=-lgcc --build-id --no-add-needed --eh-frame-hdr --hash-style=gnu -dynamic-linker /lib/ld-linux-aarch64.so.1 -X -EL -maarch64linux -o cmTC_67257 /usr/lib/gcc/aarch64-redhat-linux/10/../../../../lib64/crt1.o /usr/lib/gcc/aarch64-redhat-linux/10/../../../../lib64/crti.o /usr/lib/gcc/aarch64-redhat-linux/10/crtbegin.o -L/usr/lib/gcc/aarch64-redhat-linux/10 -L/usr/lib/gcc/aarch64-redhat-linux/10/../../../../lib64 -L/lib/../lib64 -L/usr/lib/../lib64 -L/usr/lib/gcc/aarch64-redhat-linux/10/../../.. CMakeFiles/cmTC_67257.dir/CMakeCXXCompilerABI.cpp.o -lstdc++ -lm -lgcc_s -lgcc -lc -lgcc_s -lgcc /usr/lib/gcc/aarch64-redhat-linux/10/crtend.o /usr/lib/gcc/aarch64-redhat-linux/10/../../../../lib64/crtn.o]
    arg [/usr/libexec/gcc/aarch64-redhat-linux/10/collect2] ==> ignore
    arg [-plugin] ==> ignore
    arg [/usr/libexec/gcc/aarch64-redhat-linux/10/liblto_plugin.so] ==> ignore
    arg [-plugin-opt=/usr/libexec/gcc/aarch64-redhat-linux/10/lto-wrapper] ==> ignore
    arg [-plugin-opt=-fresolution=/tmp/cckDIyAF.res] ==> ignore
    arg [-plugin-opt=-pass-through=-lgcc_s] ==> ignore
    arg [-plugin-opt=-pass-through=-lgcc] ==> ignore
    arg [-plugin-opt=-pass-through=-lc] ==> ignore
    arg [-plugin-opt=-pass-through=-lgcc_s] ==> ignore
    arg [-plugin-opt=-pass-through=-lgcc] ==> ignore
    arg [--build-id] ==> ignore
    arg [--no-add-needed] ==> ignore
    arg [--eh-frame-hdr] ==> ignore
    arg [--hash-style=gnu] ==> ignore
    arg [-dynamic-linker] ==> ignore
    arg [/lib/ld-linux-aarch64.so.1] ==> ignore
    arg [-X] ==> ignore
    arg [-EL] ==> ignore
    arg [-maarch64linux] ==> ignore
    arg [-o] ==> ignore
    arg [cmTC_67257] ==> ignore
    arg [/usr/lib/gcc/aarch64-redhat-linux/10/../../../../lib64/crt1.o] ==> ignore
    arg [/usr/lib/gcc/aarch64-redhat-linux/10/../../../../lib64/crti.o] ==> ignore
    arg [/usr/lib/gcc/aarch64-redhat-linux/10/crtbegin.o] ==> ignore
    arg [-L/usr/lib/gcc/aarch64-redhat-linux/10] ==> dir [/usr/lib/gcc/aarch64-redhat-linux/10]
    arg [-L/usr/lib/gcc/aarch64-redhat-linux/10/../../../../lib64] ==> dir [/usr/lib/gcc/aarch64-redhat-linux/10/../../../../lib64]
    arg [-L/lib/../lib64] ==> dir [/lib/../lib64]
    arg [-L/usr/lib/../lib64] ==> dir [/usr/lib/../lib64]
    arg [-L/usr/lib/gcc/aarch64-redhat-linux/10/../../..] ==> dir [/usr/lib/gcc/aarch64-redhat-linux/10/../../..]
    arg [CMakeFiles/cmTC_67257.dir/CMakeCXXCompilerABI.cpp.o] ==> ignore
    arg [-lstdc++] ==> lib [stdc++]
    arg [-lm] ==> lib [m]
    arg [-lgcc_s] ==> lib [gcc_s]
    arg [-lgcc] ==> lib [gcc]
    arg [-lc] ==> lib [c]
    arg [-lgcc_s] ==> lib [gcc_s]
    arg [-lgcc] ==> lib [gcc]
    arg [/usr/lib/gcc/aarch64-redhat-linux/10/crtend.o] ==> ignore
    arg [/usr/lib/gcc/aarch64-redhat-linux/10/../../../../lib64/crtn.o] ==> ignore
  collapse library dir [/usr/lib/gcc/aarch64-redhat-linux/10] ==> [/usr/lib/gcc/aarch64-redhat-linux/10]
  collapse library dir [/usr/lib/gcc/aarch64-redhat-linux/10/../../../../lib64] ==> [/usr/lib64]
  collapse library dir [/lib/../lib64] ==> [/lib64]
  collapse library dir [/usr/lib/../lib64] ==> [/usr/lib64]
  collapse library dir [/usr/lib/gcc/aarch64-redhat-linux/10/../../..] ==> [/usr/lib]
  implicit libs: [stdc++;m;gcc_s;gcc;c;gcc_s;gcc]
  implicit dirs: [/usr/lib/gcc/aarch64-redhat-linux/10;/usr/lib64;/lib64;/usr/lib]
  implicit fwks: []


